proguard/usage.txt
us.wmwm.temperature.BuildConfig
us.wmwm.temperature.R
us.wmwm.temperature.R$attr
us.wmwm.temperature.R$drawable
us.wmwm.temperature.R$id
us.wmwm.temperature.R$layout
us.wmwm.temperature.R$string
us.wmwm.temperature.R$style
us.wmwm.temperature.R$xml
...
android.support.v4.view.PagerTitleStripIcs$SingleLineAllCapsTransform
android.support.v4.view.VelocityTrackerCompat
android.support.v4.view.VelocityTrackerCompat$BaseVelocityTrackerVersionImpl
android.support.v4.view.VelocityTrackerCompat$HoneycombVelocityTrackerVersionImpl
android.support.v4.view.VelocityTrackerCompat$VelocityTrackerVersionImpl
android.support.v4.view.VelocityTrackerCompatHoneycomb
android.support.v4.view.ViewCompat
android.support.v4.view.ViewCompat$BaseViewCompatImpl
android.support.v4.view.ViewCompat$GBViewCompatImpl
android.support.v4.view.ViewCompat$HCViewCompatImpl
android.support.v4.view.ViewCompat$ICSViewCompatImpl
android.support.v4.view.ViewCompat$JBViewCompatImpl
android.support.v4.view.ViewCompat$JbMr1ViewCompatImpl
android.support.v4.view.ViewCompat$ViewCompatImpl
android.support.v4.view.ViewCompatGingerbread
android.support.v4.view.ViewCompatHC
android.support.v4.view.ViewCompatICS
android.support.v4.view.ViewCompatJB
android.support.v4.view.ViewCompatJellybeanMr1
android.support.v4.view.ViewConfigurationCompat
android.support.v4.view.ViewConfigurationCompat$BaseViewConfigurationVersionImpl
android.support.v4.view.ViewConfigurationCompat$FroyoViewConfigurationVersionImpl
android.support.v4.view.ViewConfigurationCompat$ViewConfigurationVersionImpl
android.support.v4.view.ViewConfigurationCompatFroyo
android.support.v4.view.ViewGroupCompat
android.support.v4.view.ViewGroupCompat$ViewGroupCompatIcsImpl
android.support.v4.view.ViewGroupCompat$ViewGroupCompatImpl
android.support.v4.view.ViewGroupCompat$ViewGroupCompatStubImpl
android.support.v4.view.ViewGroupCompatIcs
android.support.v4.view.ViewPager
android.support.v4.view.ViewPager$1
android.support.v4.view.ViewPager$2
android.support.v4.view.ViewPager$3
android.support.v4.view.ViewPager$Decor
android.support.v4.view.ViewPager$ItemInfo
android.support.v4.view.ViewPager$LayoutParams
android.support.v4.view.ViewPager$MyAccessibilityDelegate
android.support.v4.view.ViewPager$OnAdapterChangeListener
android.support.v4.view.ViewPager$OnPageChangeListener
android.support.v4.view.ViewPager$PageTransformer
android.support.v4.view.ViewPager$PagerObserver
android.support.v4.view.ViewPager$SavedState
android.support.v4.view.ViewPager$SavedState$1
android.support.v4.view.ViewPager$SimpleOnPageChangeListener
android.support.v4.view.ViewPager$ViewPositionComparator
android.support.v4.view.accessibility.AccessibilityEventCompat
android.support.v4.view.accessibility.AccessibilityEventCompat$AccessibilityEventIcsImpl
android.support.v4.view.accessibility.AccessibilityEventCompat$AccessibilityEventStubImpl
android.support.v4.view.accessibility.AccessibilityEventCompat$AccessibilityEventVersionImpl
android.support.v4.view.accessibility.AccessibilityEventCompatIcs
android.support.v4.view.accessibility.AccessibilityManagerCompat
android.support.v4.view.accessibility.AccessibilityManagerCompat$AccessibilityManagerIcsImpl
android.support.v4.view.accessibility.AccessibilityManagerCompat$AccessibilityManagerIcsImpl$1
android.support.v4.view.accessibility.AccessibilityManagerCompat$AccessibilityManagerStubImpl
android.support.v4.view.accessibility.AccessibilityManagerCompat$AccessibilityManagerVersionImpl
android.support.v4.view.accessibility.AccessibilityManagerCompat$AccessibilityStateChangeListenerCompat
android.support.v4.view.accessibility.AccessibilityManagerCompatIcs
android.support.v4.view.accessibility.AccessibilityManagerCompatIcs$1
android.support.v4.view.accessibility.AccessibilityManagerCompatIcs$AccessibilityStateChangeListenerBridge
android.support.v4.view.accessibility.AccessibilityNodeInfoCompat
android.support.v4.view.accessibility.AccessibilityNodeInfoCompat$AccessibilityNodeInfoIcsImpl
android.support.v4.view.accessibility.AccessibilityNodeInfoCompat$AccessibilityNodeInfoImpl
android.support.v4.view.accessibility.AccessibilityNodeInfoCompat$AccessibilityNodeInfoJellybeanImpl